# JRE version: OpenJDK Runtime Environment (8.0_72-b15) (build 1.8.0_72-internal-b15)
# Java VM: OpenJDK 64-Bit Server VM (25.72-b15 mixed mode linux-amd64 compressed oops)
Heap:
 PSYoungGen      total 258048K, used 7186K [0x00000000eab00000, 0x0000000100000000, 0x0000000100000000)
  eden space 166912K, 0% used [0x00000000eab00000,0x00000000eab00000,0x00000000f4e00000)
  from space 91136K, 7% used [0x00000000f4e00000,0x00000000f5504980,0x00000000fa700000)
  to   space 90624K, 0% used [0x00000000fa780000,0x00000000fa780000,0x0000000100000000)
 ParOldGen       total 185856K, used 185352K [0x00000000c0000000, 0x00000000cb580000, 0x00000000eab00000)
  object space 185856K, 99% used [0x00000000c0000000,0x00000000cb502380,0x00000000cb580000)
 Metaspace       used 6532K, capacity 7280K, committed 7552K, reserved 1056768K
  class space    used 595K, capacity 616K, committed 640K, reserved 1048576K
GC Heap History (10 events):
Event: 2.362 GC heap after
Heap after GC invocations=7 (full 0):
 PSYoungGen      total 290816K, used 37348K [0x00000000eab00000, 0x0000000100000000, 0x0000000100000000)
  eden space 253440K, 0% used [0x00000000eab00000,0x00000000eab00000,0x00000000fa280000)
  from space 37376K, 99% used [0x00000000fa280000,0x00000000fc6f9300,0x00000000fc700000)
  to   space 58368K, 0% used [0x00000000fc700000,0x00000000fc700000,0x0000000100000000)
 ParOldGen       total 171008K, used 56851K [0x00000000c0000000, 0x00000000ca700000, 0x00000000eab00000)
  object space 171008K, 33% used [0x00000000c0000000,0x00000000c3784dd0,0x00000000ca700000)
 Metaspace       used 6451K, capacity 7216K, committed 7296K, reserved 1056768K
  class space    used 594K, capacity 616K, committed 640K, reserved 1048576K
}
Event: 2.791 GC heap before
{Heap before GC invocations=8 (full 0):
 PSYoungGen      total 290816K, used 290788K [0x00000000eab00000, 0x0000000100000000, 0x0000000100000000)
  eden space 253440K, 100% used [0x00000000eab00000,0x00000000fa280000,0x00000000fa280000)
  from space 37376K, 99% used [0x00000000fa280000,0x00000000fc6f9300,0x00000000fc700000)
  to   space 58368K, 0% used [0x00000000fc700000,0x00000000fc700000,0x0000000100000000)
 ParOldGen       total 171008K, used 56851K [0x00000000c0000000, 0x00000000ca700000, 0x00000000eab00000)
  object space 171008K, 33% used [0x00000000c0000000,0x00000000c3784dd0,0x00000000ca700000)
 Metaspace       used 6495K, capacity 7280K, committed 7552K, reserved 1056768K
  class space    used 594K, capacity 616K, committed 640K, reserved 1048576K
Event: 2.878 GC heap after
Heap after GC invocations=8 (full 0):
 PSYoungGen      total 252928K, used 58359K [0x00000000eab00000, 0x0000000100000000, 0x0000000100000000)
  eden space 194560K, 0% used [0x00000000eab00000,0x00000000eab00000,0x00000000f6900000)
  from space 58368K, 99% used [0x00000000fc700000,0x00000000ffffdd38,0x0000000100000000)
  to   space 77312K, 0% used [0x00000000f6900000,0x00000000f6900000,0x00000000fb480000)
 ParOldGen       total 171008K, used 73571K [0x00000000c0000000, 0x00000000ca700000, 0x00000000eab00000)
  object space 171008K, 43% used [0x00000000c0000000,0x00000000c47d8e00,0x00000000ca700000)
 Metaspace       used 6495K, capacity 7280K, committed 7552K, reserved 1056768K
  class space    used 594K, capacity 616K, committed 640K, reserved 1048576K
}
Event: 3.255 GC heap before
{Heap before GC invocations=9 (full 0):
 PSYoungGen      total 252928K, used 252919K [0x00000000eab00000, 0x0000000100000000, 0x0000000100000000)
  eden space 194560K, 100% used [0x00000000eab00000,0x00000000f6900000,0x00000000f6900000)
  from space 58368K, 99% used [0x00000000fc700000,0x00000000ffffdd38,0x0000000100000000)
  to   space 77312K, 0% used [0x00000000f6900000,0x00000000f6900000,0x00000000fb480000)
 ParOldGen       total 171008K, used 73571K [0x00000000c0000000, 0x00000000ca700000, 0x00000000eab00000)
  object space 171008K, 43% used [0x00000000c0000000,0x00000000c47d8e00,0x00000000ca700000)
 Metaspace       used 6520K, capacity 7280K, committed 7552K, reserved 1056768K
  class space    used 594K, capacity 616K, committed 640K, reserved 1048576K
Event: 3.324 GC heap after
Heap after GC invocations=9 (full 0):
 PSYoungGen      total 265216K, used 70556K [0x00000000eab00000, 0x0000000100000000, 0x0000000100000000)
  eden space 194560K, 0% used [0x00000000eab00000,0x00000000eab00000,0x00000000f6900000)
  from space 70656K, 99% used [0x00000000f6900000,0x00000000fade71b0,0x00000000fae00000)
  to   space 83968K, 0% used [0x00000000fae00000,0x00000000fae00000,0x0000000100000000)
 ParOldGen       total 171008K, used 89186K [0x00000000c0000000, 0x00000000ca700000, 0x00000000eab00000)
  object space 171008K, 52% used [0x00000000c0000000,0x00000000c5718980,0x00000000ca700000)
 Metaspace       used 6520K, capacity 7280K, committed 7552K, reserved 1056768K
  class space    used 594K, capacity 616K, committed 640K, reserved 1048576K
}
Event: 3.664 GC heap before
{Heap before GC invocations=10 (full 0):
 PSYoungGen      total 265216K, used 265116K [0x00000000eab00000, 0x0000000100000000, 0x0000000100000000)
  eden space 194560K, 100% used [0x00000000eab00000,0x00000000f6900000,0x00000000f6900000)
  from space 70656K, 99% used [0x00000000f6900000,0x00000000fade71b0,0x00000000fae00000)
  to   space 83968K, 0% used [0x00000000fae00000,0x00000000fae00000,0x0000000100000000)
 ParOldGen       total 171008K, used 89186K [0x00000000c0000000, 0x00000000ca700000, 0x00000000eab00000)
  object space 171008K, 52% used [0x00000000c0000000,0x00000000c5718980,0x00000000ca700000)
 Metaspace       used 6528K, capacity 7280K, committed 7552K, reserved 1056768K
  class space    used 594K, capacity 616K, committed 640K, reserved 1048576K
Event: 3.766 GC heap after
Heap after GC invocations=10 (full 0):
 PSYoungGen      total 250880K, used 54729K [0x00000000eab00000, 0x0000000100000000, 0x0000000100000000)
  eden space 166912K, 0% used [0x00000000eab00000,0x00000000eab00000,0x00000000f4e00000)
  from space 83968K, 65% used [0x00000000fae00000,0x00000000fe372480,0x0000000100000000)
  to   space 91136K, 0% used [0x00000000f4e00000,0x00000000f4e00000,0x00000000fa700000)
 ParOldGen       total 171008K, used 131385K [0x00000000c0000000, 0x00000000ca700000, 0x00000000eab00000)
  object space 171008K, 76% used [0x00000000c0000000,0x00000000c804e578,0x00000000ca700000)
 Metaspace       used 6528K, capacity 7280K, committed 7552K, reserved 1056768K
  class space    used 594K, capacity 616K, committed 640K, reserved 1048576K
}
Event: 3.856 GC heap before
{Heap before GC invocations=11 (full 0):
 PSYoungGen      total 250880K, used 221641K [0x00000000eab00000, 0x0000000100000000, 0x0000000100000000)
  eden space 166912K, 100% used [0x00000000eab00000,0x00000000f4e00000,0x00000000f4e00000)
  from space 83968K, 65% used [0x00000000fae00000,0x00000000fe372480,0x0000000100000000)
  to   space 91136K, 0% used [0x00000000f4e00000,0x00000000f4e00000,0x00000000fa700000)
 ParOldGen       total 171008K, used 131385K [0x00000000c0000000, 0x00000000ca700000, 0x00000000eab00000)
  object space 171008K, 76% used [0x00000000c0000000,0x00000000c804e578,0x00000000ca700000)
 Metaspace       used 6532K, capacity 7280K, committed 7552K, reserved 1056768K
  class space    used 595K, capacity 616K, committed 640K, reserved 1048576K
Event: 3.914 GC heap after
Heap after GC invocations=11 (full 0):
 PSYoungGen      total 258048K, used 7186K [0x00000000eab00000, 0x0000000100000000, 0x0000000100000000)
  eden space 166912K, 0% used [0x00000000eab00000,0x00000000eab00000,0x00000000f4e00000)
  from space 91136K, 7% used [0x00000000f4e00000,0x00000000f5504980,0x00000000fa700000)
  to   space 90624K, 0% used [0x00000000fa780000,0x00000000fa780000,0x0000000100000000)
 ParOldGen       total 185856K, used 185352K [0x00000000c0000000, 0x00000000cb580000, 0x00000000eab00000)
  object space 185856K, 99% used [0x00000000c0000000,0x00000000cb502380,0x00000000cb580000)
 Metaspace       used 6532K, capacity 7280K, committed 7552K, reserved 1056768K
  class space    used 595K, capacity 616K, committed 640K, reserved 1048576K
}
Event: 3.914 GC heap before
{Heap before GC invocations=12 (full 1):
 PSYoungGen      total 258048K, used 7186K [0x00000000eab00000, 0x0000000100000000, 0x0000000100000000)
  eden space 166912K, 0% used [0x00000000eab00000,0x00000000eab00000,0x00000000f4e00000)
  from space 91136K, 7% used [0x00000000f4e00000,0x00000000f5504980,0x00000000fa700000)
  to   space 90624K, 0% used [0x00000000fa780000,0x00000000fa780000,0x0000000100000000)
 ParOldGen       total 185856K, used 185352K [0x00000000c0000000, 0x00000000cb580000, 0x00000000eab00000)
  object space 185856K, 99% used [0x00000000c0000000,0x00000000cb502380,0x00000000cb580000)
 Metaspace       used 6532K, capacity 7280K, committed 7552K, reserved 1056768K
  class space    used 595K, capacity 616K, committed 640K, reserved 1048576K

